语法

    0 $accept: Program $end

    1 Program: ExtDefList

    2 ExtDefList: ExtDef ExtDefList
    3           | ε

    4 ExtDef: Specifier ExtDecList SEMI
    5       | Specifier SEMI
    6       | Specifier FunDec CompSt

    7 ExtDecList: VarDec
    8           | VarDec COMMA ExtDecList

    9 Specifier: TYPE
   10          | StructSpecifier

   11 StructSpecifier: STRUCT OptTag LC DefList RC
   12                | STRUCT Tag

   13 OptTag: ID
   14       | ε

   15 Tag: ID

   16 VarDec: ID
   17       | VarDec LB INT RB

   18 FunDec: ID LP VarList RP
   19       | ID LP RP

   20 VarList: ParamDec COMMA VarList
   21        | ParamDec

   22 ParamDec: Specifier VarDec

   23 CompSt: LC DefList StmtList RC
   24       | error RC

   25 StmtList: Stmt StmtList
   26         | ε

   27 Stmt: Exp SEMI
   28     | CompSt
   29     | RETURN Exp SEMI
   30     | IF LP Exp RP Stmt
   31     | IF LP Exp RP Stmt ELSE Stmt
   32     | WHILE LP Exp RP Stmt
   33     | error SEMI

   34 DefList: Def DefList
   35        | ε

   36 Def: Specifier DecList SEMI

   37 DecList: Dec
   38        | Dec COMMA DecList
   39        | Dec error DecList

   40 Dec: VarDec
   41    | VarDec ASSIGNOP Exp

   42 Exp: Exp ASSIGNOP Exp
   43    | Exp AND Exp
   44    | Exp OR Exp
   45    | Exp RELOP Exp
   46    | Exp PLUS Exp
   47    | Exp MINUS Exp
   48    | Exp STAR Exp
   49    | Exp DIV Exp
   50    | LP Exp RP
   51    | MINUS Exp
   52    | NOT Exp
   53    | ID LP Args RP
   54    | ID LP RP
   55    | Exp LB Exp RB
   56    | Exp DOT ID
   57    | ID
   58    | INT
   59    | FLOAT
   60    | Exp PLUS error

   61 Args: Exp COMMA Args
   62     | Exp
   63     | error Args


终结语词，附有它们出现处的规则

    $end (0) 0
    error <node> (256) 24 33 39 60 63
    INT <node> (258) 17 58
    FLOAT <node> (259) 59
    ID <node> (260) 13 15 16 18 19 53 54 56 57
    SEMI <node> (261) 4 5 27 29 33 36
    COMMA <node> (262) 8 20 38 61
    ASSIGNOP <node> (263) 41 42
    RELOP <node> (264) 45
    PLUS <node> (265) 46 60
    MINUS <node> (266) 47 51
    STAR <node> (267) 48
    DIV <node> (268) 49
    AND <node> (269) 43
    OR <node> (270) 44
    DOT <node> (271) 56
    NOT <node> (272) 52
    TYPE <node> (273) 9
    LP <node> (274) 18 19 30 31 32 50 53 54
    RP <node> (275) 18 19 30 31 32 50 53 54
    LB <node> (276) 17 55
    RB <node> (277) 17 55
    LC <node> (278) 11 23
    RC <node> (279) 11 23 24
    STRUCT <node> (280) 11 12
    RETURN <node> (281) 29
    IF <node> (282) 30 31
    ELSE <node> (283) 31
    WHILE <node> (284) 32
    LOWER_THAN_ELSE (285)


非终结语词，附有它们出现处的规则

    $accept (31)
        on left: 0
    Program <node> (32)
        on left: 1
        on right: 0
    ExtDefList <node> (33)
        on left: 2 3
        on right: 1 2
    ExtDef <node> (34)
        on left: 4 5 6
        on right: 2
    ExtDecList <node> (35)
        on left: 7 8
        on right: 4 8
    Specifier <node> (36)
        on left: 9 10
        on right: 4 5 6 22 36
    StructSpecifier <node> (37)
        on left: 11 12
        on right: 10
    OptTag <node> (38)
        on left: 13 14
        on right: 11
    Tag <node> (39)
        on left: 15
        on right: 12
    VarDec <node> (40)
        on left: 16 17
        on right: 7 8 17 22 40 41
    FunDec <node> (41)
        on left: 18 19
        on right: 6
    VarList <node> (42)
        on left: 20 21
        on right: 18 20
    ParamDec <node> (43)
        on left: 22
        on right: 20 21
    CompSt <node> (44)
        on left: 23 24
        on right: 6 28
    StmtList <node> (45)
        on left: 25 26
        on right: 23 25
    Stmt <node> (46)
        on left: 27 28 29 30 31 32 33
        on right: 25 30 31 32
    DefList <node> (47)
        on left: 34 35
        on right: 11 23 34
    Def <node> (48)
        on left: 36
        on right: 34
    DecList <node> (49)
        on left: 37 38 39
        on right: 36 38 39
    Dec <node> (50)
        on left: 40 41
        on right: 37 38 39
    Exp <node> (51)
        on left: 42 43 44 45 46 47 48 49 50 51 52 53 54 55 56 57 58 59 60
        on right: 27 29 30 31 32 41 42 43 44 45 46 47 48 49 50 51 52 55 56 60 61 62
    Args <node> (52)
        on left: 61 62 63
        on right: 53 61 63


状态 0

    0 $accept: • Program $end

    TYPE    偏移，并进入状态 1
    STRUCT  偏移，并进入状态 2

    $default  使用规则 3 以归约 (ExtDefList)

    Program          转到状态 3
    ExtDefList       转到状态 4
    ExtDef           转到状态 5
    Specifier        转到状态 6
    StructSpecifier  转到状态 7


状态 1

    9 Specifier: TYPE •

    $default  使用规则 9 以归约 (Specifier)


状态 2

   11 StructSpecifier: STRUCT • OptTag LC DefList RC
   12                | STRUCT • Tag

    ID  偏移，并进入状态 8

    $default  使用规则 14 以归约 (OptTag)

    OptTag  转到状态 9
    Tag     转到状态 10


状态 3

    0 $accept: Program • $end

    $end  偏移，并进入状态 11


状态 4

    1 Program: ExtDefList •

    $default  使用规则 1 以归约 (Program)


状态 5

    2 ExtDefList: ExtDef • ExtDefList

    TYPE    偏移，并进入状态 1
    STRUCT  偏移，并进入状态 2

    $default  使用规则 3 以归约 (ExtDefList)

    ExtDefList       转到状态 12
    ExtDef           转到状态 5
    Specifier        转到状态 6
    StructSpecifier  转到状态 7


状态 6

    4 ExtDef: Specifier • ExtDecList SEMI
    5       | Specifier • SEMI
    6       | Specifier • FunDec CompSt

    ID    偏移，并进入状态 13
    SEMI  偏移，并进入状态 14

    ExtDecList  转到状态 15
    VarDec      转到状态 16
    FunDec      转到状态 17


状态 7

   10 Specifier: StructSpecifier •

    $default  使用规则 10 以归约 (Specifier)


状态 8

   13 OptTag: ID •
   15 Tag: ID •

    LC        使用规则 13 以归约 (OptTag)
    $default  使用规则 15 以归约 (Tag)


状态 9

   11 StructSpecifier: STRUCT OptTag • LC DefList RC

    LC  偏移，并进入状态 18


状态 10

   12 StructSpecifier: STRUCT Tag •

    $default  使用规则 12 以归约 (StructSpecifier)


状态 11

    0 $accept: Program $end •

    $default  接受


状态 12

    2 ExtDefList: ExtDef ExtDefList •

    $default  使用规则 2 以归约 (ExtDefList)


状态 13

   16 VarDec: ID •
   18 FunDec: ID • LP VarList RP
   19       | ID • LP RP

    LP  偏移，并进入状态 19

    $default  使用规则 16 以归约 (VarDec)


状态 14

    5 ExtDef: Specifier SEMI •

    $default  使用规则 5 以归约 (ExtDef)


状态 15

    4 ExtDef: Specifier ExtDecList • SEMI

    SEMI  偏移，并进入状态 20


状态 16

    7 ExtDecList: VarDec •
    8           | VarDec • COMMA ExtDecList
   17 VarDec: VarDec • LB INT RB

    COMMA  偏移，并进入状态 21
    LB     偏移，并进入状态 22

    $default  使用规则 7 以归约 (ExtDecList)


状态 17

    6 ExtDef: Specifier FunDec • CompSt

    error  偏移，并进入状态 23
    LC     偏移，并进入状态 24

    CompSt  转到状态 25


状态 18

   11 StructSpecifier: STRUCT OptTag LC • DefList RC

    TYPE    偏移，并进入状态 1
    STRUCT  偏移，并进入状态 2

    $default  使用规则 35 以归约 (DefList)

    Specifier        转到状态 26
    StructSpecifier  转到状态 7
    DefList          转到状态 27
    Def              转到状态 28


状态 19

   18 FunDec: ID LP • VarList RP
   19       | ID LP • RP

    TYPE    偏移，并进入状态 1
    RP      偏移，并进入状态 29
    STRUCT  偏移，并进入状态 2

    Specifier        转到状态 30
    StructSpecifier  转到状态 7
    VarList          转到状态 31
    ParamDec         转到状态 32


状态 20

    4 ExtDef: Specifier ExtDecList SEMI •

    $default  使用规则 4 以归约 (ExtDef)


状态 21

    8 ExtDecList: VarDec COMMA • ExtDecList

    ID  偏移，并进入状态 33

    ExtDecList  转到状态 34
    VarDec      转到状态 16


状态 22

   17 VarDec: VarDec LB • INT RB

    INT  偏移，并进入状态 35


状态 23

   24 CompSt: error • RC

    RC  偏移，并进入状态 36


状态 24

   23 CompSt: LC • DefList StmtList RC

    TYPE    偏移，并进入状态 1
    STRUCT  偏移，并进入状态 2

    $default  使用规则 35 以归约 (DefList)

    Specifier        转到状态 26
    StructSpecifier  转到状态 7
    DefList          转到状态 37
    Def              转到状态 28


状态 25

    6 ExtDef: Specifier FunDec CompSt •

    $default  使用规则 6 以归约 (ExtDef)


状态 26

   36 Def: Specifier • DecList SEMI

    ID  偏移，并进入状态 33

    VarDec   转到状态 38
    DecList  转到状态 39
    Dec      转到状态 40


状态 27

   11 StructSpecifier: STRUCT OptTag LC DefList • RC

    RC  偏移，并进入状态 41


状态 28

   34 DefList: Def • DefList

    TYPE    偏移，并进入状态 1
    STRUCT  偏移，并进入状态 2

    $default  使用规则 35 以归约 (DefList)

    Specifier        转到状态 26
    StructSpecifier  转到状态 7
    DefList          转到状态 42
    Def              转到状态 28


状态 29

   19 FunDec: ID LP RP •

    $default  使用规则 19 以归约 (FunDec)


状态 30

   22 ParamDec: Specifier • VarDec

    ID  偏移，并进入状态 33

    VarDec  转到状态 43


状态 31

   18 FunDec: ID LP VarList • RP

    RP  偏移，并进入状态 44


状态 32

   20 VarList: ParamDec • COMMA VarList
   21        | ParamDec •

    COMMA  偏移，并进入状态 45

    $default  使用规则 21 以归约 (VarList)


状态 33

   16 VarDec: ID •

    $default  使用规则 16 以归约 (VarDec)


状态 34

    8 ExtDecList: VarDec COMMA ExtDecList •

    $default  使用规则 8 以归约 (ExtDecList)


状态 35

   17 VarDec: VarDec LB INT • RB

    RB  偏移，并进入状态 46


状态 36

   24 CompSt: error RC •

    $default  使用规则 24 以归约 (CompSt)


状态 37

   23 CompSt: LC DefList • StmtList RC

    error   偏移，并进入状态 47
    INT     偏移，并进入状态 48
    FLOAT   偏移，并进入状态 49
    ID      偏移，并进入状态 50
    MINUS   偏移，并进入状态 51
    NOT     偏移，并进入状态 52
    LP      偏移，并进入状态 53
    LC      偏移，并进入状态 24
    RETURN  偏移，并进入状态 54
    IF      偏移，并进入状态 55
    WHILE   偏移，并进入状态 56

    RC  使用规则 26 以归约 (StmtList)

    CompSt    转到状态 57
    StmtList  转到状态 58
    Stmt      转到状态 59
    Exp       转到状态 60


状态 38

   17 VarDec: VarDec • LB INT RB
   40 Dec: VarDec •
   41    | VarDec • ASSIGNOP Exp

    ASSIGNOP  偏移，并进入状态 61
    LB        偏移，并进入状态 22

    $default  使用规则 40 以归约 (Dec)


状态 39

   36 Def: Specifier DecList • SEMI

    SEMI  偏移，并进入状态 62


状态 40

   37 DecList: Dec •
   38        | Dec • COMMA DecList
   39        | Dec • error DecList

    error  偏移，并进入状态 63
    COMMA  偏移，并进入状态 64

    SEMI  使用规则 37 以归约 (DecList)


状态 41

   11 StructSpecifier: STRUCT OptTag LC DefList RC •

    $default  使用规则 11 以归约 (StructSpecifier)


状态 42

   34 DefList: Def DefList •

    $default  使用规则 34 以归约 (DefList)


状态 43

   17 VarDec: VarDec • LB INT RB
   22 ParamDec: Specifier VarDec •

    LB  偏移，并进入状态 22

    $default  使用规则 22 以归约 (ParamDec)


状态 44

   18 FunDec: ID LP VarList RP •

    $default  使用规则 18 以归约 (FunDec)


状态 45

   20 VarList: ParamDec COMMA • VarList

    TYPE    偏移，并进入状态 1
    STRUCT  偏移，并进入状态 2

    Specifier        转到状态 30
    StructSpecifier  转到状态 7
    VarList          转到状态 65
    ParamDec         转到状态 32


状态 46

   17 VarDec: VarDec LB INT RB •

    $default  使用规则 17 以归约 (VarDec)


状态 47

   24 CompSt: error • RC
   33 Stmt: error • SEMI

    SEMI  偏移，并进入状态 66
    RC    偏移，并进入状态 36


状态 48

   58 Exp: INT •

    $default  使用规则 58 以归约 (Exp)


状态 49

   59 Exp: FLOAT •

    $default  使用规则 59 以归约 (Exp)


状态 50

   53 Exp: ID • LP Args RP
   54    | ID • LP RP
   57    | ID •

    LP  偏移，并进入状态 67

    $default  使用规则 57 以归约 (Exp)


状态 51

   51 Exp: MINUS • Exp

    INT    偏移，并进入状态 48
    FLOAT  偏移，并进入状态 49
    ID     偏移，并进入状态 50
    MINUS  偏移，并进入状态 51
    NOT    偏移，并进入状态 52
    LP     偏移，并进入状态 53

    Exp  转到状态 68


状态 52

   52 Exp: NOT • Exp

    INT    偏移，并进入状态 48
    FLOAT  偏移，并进入状态 49
    ID     偏移，并进入状态 50
    MINUS  偏移，并进入状态 51
    NOT    偏移，并进入状态 52
    LP     偏移，并进入状态 53

    Exp  转到状态 69


状态 53

   50 Exp: LP • Exp RP

    INT    偏移，并进入状态 48
    FLOAT  偏移，并进入状态 49
    ID     偏移，并进入状态 50
    MINUS  偏移，并进入状态 51
    NOT    偏移，并进入状态 52
    LP     偏移，并进入状态 53

    Exp  转到状态 70


状态 54

   29 Stmt: RETURN • Exp SEMI

    INT    偏移，并进入状态 48
    FLOAT  偏移，并进入状态 49
    ID     偏移，并进入状态 50
    MINUS  偏移，并进入状态 51
    NOT    偏移，并进入状态 52
    LP     偏移，并进入状态 53

    Exp  转到状态 71


状态 55

   30 Stmt: IF • LP Exp RP Stmt
   31     | IF • LP Exp RP Stmt ELSE Stmt

    LP  偏移，并进入状态 72


状态 56

   32 Stmt: WHILE • LP Exp RP Stmt

    LP  偏移，并进入状态 73


状态 57

   28 Stmt: CompSt •

    $default  使用规则 28 以归约 (Stmt)


状态 58

   23 CompSt: LC DefList StmtList • RC

    RC  偏移，并进入状态 74


状态 59

   25 StmtList: Stmt • StmtList

    error   偏移，并进入状态 47
    INT     偏移，并进入状态 48
    FLOAT   偏移，并进入状态 49
    ID      偏移，并进入状态 50
    MINUS   偏移，并进入状态 51
    NOT     偏移，并进入状态 52
    LP      偏移，并进入状态 53
    LC      偏移，并进入状态 24
    RETURN  偏移，并进入状态 54
    IF      偏移，并进入状态 55
    WHILE   偏移，并进入状态 56

    RC  使用规则 26 以归约 (StmtList)

    CompSt    转到状态 57
    StmtList  转到状态 75
    Stmt      转到状态 59
    Exp       转到状态 60


状态 60

   27 Stmt: Exp • SEMI
   42 Exp: Exp • ASSIGNOP Exp
   43    | Exp • AND Exp
   44    | Exp • OR Exp
   45    | Exp • RELOP Exp
   46    | Exp • PLUS Exp
   47    | Exp • MINUS Exp
   48    | Exp • STAR Exp
   49    | Exp • DIV Exp
   55    | Exp • LB Exp RB
   56    | Exp • DOT ID
   60    | Exp • PLUS error

    SEMI      偏移，并进入状态 76
    ASSIGNOP  偏移，并进入状态 77
    RELOP     偏移，并进入状态 78
    PLUS      偏移，并进入状态 79
    MINUS     偏移，并进入状态 80
    STAR      偏移，并进入状态 81
    DIV       偏移，并进入状态 82
    AND       偏移，并进入状态 83
    OR        偏移，并进入状态 84
    DOT       偏移，并进入状态 85
    LB        偏移，并进入状态 86


状态 61

   41 Dec: VarDec ASSIGNOP • Exp

    INT    偏移，并进入状态 48
    FLOAT  偏移，并进入状态 49
    ID     偏移，并进入状态 50
    MINUS  偏移，并进入状态 51
    NOT    偏移，并进入状态 52
    LP     偏移，并进入状态 53

    Exp  转到状态 87


状态 62

   36 Def: Specifier DecList SEMI •

    $default  使用规则 36 以归约 (Def)


状态 63

   39 DecList: Dec error • DecList

    ID  偏移，并进入状态 33

    VarDec   转到状态 38
    DecList  转到状态 88
    Dec      转到状态 40


状态 64

   38 DecList: Dec COMMA • DecList

    ID  偏移，并进入状态 33

    VarDec   转到状态 38
    DecList  转到状态 89
    Dec      转到状态 40


状态 65

   20 VarList: ParamDec COMMA VarList •

    $default  使用规则 20 以归约 (VarList)


状态 66

   33 Stmt: error SEMI •

    $default  使用规则 33 以归约 (Stmt)


状态 67

   53 Exp: ID LP • Args RP
   54    | ID LP • RP

    error  偏移，并进入状态 90
    INT    偏移，并进入状态 48
    FLOAT  偏移，并进入状态 49
    ID     偏移，并进入状态 50
    MINUS  偏移，并进入状态 51
    NOT    偏移，并进入状态 52
    LP     偏移，并进入状态 53
    RP     偏移，并进入状态 91

    Exp   转到状态 92
    Args  转到状态 93


状态 68

   42 Exp: Exp • ASSIGNOP Exp
   43    | Exp • AND Exp
   44    | Exp • OR Exp
   45    | Exp • RELOP Exp
   46    | Exp • PLUS Exp
   47    | Exp • MINUS Exp
   48    | Exp • STAR Exp
   49    | Exp • DIV Exp
   51    | MINUS Exp •
   55    | Exp • LB Exp RB
   56    | Exp • DOT ID
   60    | Exp • PLUS error

    MINUS  偏移，并进入状态 80
    DOT    偏移，并进入状态 85
    LB     偏移，并进入状态 86

    $default  使用规则 51 以归约 (Exp)


状态 69

   42 Exp: Exp • ASSIGNOP Exp
   43    | Exp • AND Exp
   44    | Exp • OR Exp
   45    | Exp • RELOP Exp
   46    | Exp • PLUS Exp
   47    | Exp • MINUS Exp
   48    | Exp • STAR Exp
   49    | Exp • DIV Exp
   52    | NOT Exp •
   55    | Exp • LB Exp RB
   56    | Exp • DOT ID
   60    | Exp • PLUS error

    MINUS  偏移，并进入状态 80
    DOT    偏移，并进入状态 85
    LB     偏移，并进入状态 86

    $default  使用规则 52 以归约 (Exp)


状态 70

   42 Exp: Exp • ASSIGNOP Exp
   43    | Exp • AND Exp
   44    | Exp • OR Exp
   45    | Exp • RELOP Exp
   46    | Exp • PLUS Exp
   47    | Exp • MINUS Exp
   48    | Exp • STAR Exp
   49    | Exp • DIV Exp
   50    | LP Exp • RP
   55    | Exp • LB Exp RB
   56    | Exp • DOT ID
   60    | Exp • PLUS error

    ASSIGNOP  偏移，并进入状态 77
    RELOP     偏移，并进入状态 78
    PLUS      偏移，并进入状态 79
    MINUS     偏移，并进入状态 80
    STAR      偏移，并进入状态 81
    DIV       偏移，并进入状态 82
    AND       偏移，并进入状态 83
    OR        偏移，并进入状态 84
    DOT       偏移，并进入状态 85
    RP        偏移，并进入状态 94
    LB        偏移，并进入状态 86


状态 71

   29 Stmt: RETURN Exp • SEMI
   42 Exp: Exp • ASSIGNOP Exp
   43    | Exp • AND Exp
   44    | Exp • OR Exp
   45    | Exp • RELOP Exp
   46    | Exp • PLUS Exp
   47    | Exp • MINUS Exp
   48    | Exp • STAR Exp
   49    | Exp • DIV Exp
   55    | Exp • LB Exp RB
   56    | Exp • DOT ID
   60    | Exp • PLUS error

    SEMI      偏移，并进入状态 95
    ASSIGNOP  偏移，并进入状态 77
    RELOP     偏移，并进入状态 78
    PLUS      偏移，并进入状态 79
    MINUS     偏移，并进入状态 80
    STAR      偏移，并进入状态 81
    DIV       偏移，并进入状态 82
    AND       偏移，并进入状态 83
    OR        偏移，并进入状态 84
    DOT       偏移，并进入状态 85
    LB        偏移，并进入状态 86


状态 72

   30 Stmt: IF LP • Exp RP Stmt
   31     | IF LP • Exp RP Stmt ELSE Stmt

    INT    偏移，并进入状态 48
    FLOAT  偏移，并进入状态 49
    ID     偏移，并进入状态 50
    MINUS  偏移，并进入状态 51
    NOT    偏移，并进入状态 52
    LP     偏移，并进入状态 53

    Exp  转到状态 96


状态 73

   32 Stmt: WHILE LP • Exp RP Stmt

    INT    偏移，并进入状态 48
    FLOAT  偏移，并进入状态 49
    ID     偏移，并进入状态 50
    MINUS  偏移，并进入状态 51
    NOT    偏移，并进入状态 52
    LP     偏移，并进入状态 53

    Exp  转到状态 97


状态 74

   23 CompSt: LC DefList StmtList RC •

    $default  使用规则 23 以归约 (CompSt)


状态 75

   25 StmtList: Stmt StmtList •

    $default  使用规则 25 以归约 (StmtList)


状态 76

   27 Stmt: Exp SEMI •

    $default  使用规则 27 以归约 (Stmt)


状态 77

   42 Exp: Exp ASSIGNOP • Exp

    INT    偏移，并进入状态 48
    FLOAT  偏移，并进入状态 49
    ID     偏移，并进入状态 50
    MINUS  偏移，并进入状态 51
    NOT    偏移，并进入状态 52
    LP     偏移，并进入状态 53

    Exp  转到状态 98


状态 78

   45 Exp: Exp RELOP • Exp

    INT    偏移，并进入状态 48
    FLOAT  偏移，并进入状态 49
    ID     偏移，并进入状态 50
    MINUS  偏移，并进入状态 51
    NOT    偏移，并进入状态 52
    LP     偏移，并进入状态 53

    Exp  转到状态 99


状态 79

   46 Exp: Exp PLUS • Exp
   60    | Exp PLUS • error

    error  偏移，并进入状态 100
    INT    偏移，并进入状态 48
    FLOAT  偏移，并进入状态 49
    ID     偏移，并进入状态 50
    MINUS  偏移，并进入状态 51
    NOT    偏移，并进入状态 52
    LP     偏移，并进入状态 53

    Exp  转到状态 101


状态 80

   47 Exp: Exp MINUS • Exp

    INT    偏移，并进入状态 48
    FLOAT  偏移，并进入状态 49
    ID     偏移，并进入状态 50
    MINUS  偏移，并进入状态 51
    NOT    偏移，并进入状态 52
    LP     偏移，并进入状态 53

    Exp  转到状态 102


状态 81

   48 Exp: Exp STAR • Exp

    INT    偏移，并进入状态 48
    FLOAT  偏移，并进入状态 49
    ID     偏移，并进入状态 50
    MINUS  偏移，并进入状态 51
    NOT    偏移，并进入状态 52
    LP     偏移，并进入状态 53

    Exp  转到状态 103


状态 82

   49 Exp: Exp DIV • Exp

    INT    偏移，并进入状态 48
    FLOAT  偏移，并进入状态 49
    ID     偏移，并进入状态 50
    MINUS  偏移，并进入状态 51
    NOT    偏移，并进入状态 52
    LP     偏移，并进入状态 53

    Exp  转到状态 104


状态 83

   43 Exp: Exp AND • Exp

    INT    偏移，并进入状态 48
    FLOAT  偏移，并进入状态 49
    ID     偏移，并进入状态 50
    MINUS  偏移，并进入状态 51
    NOT    偏移，并进入状态 52
    LP     偏移，并进入状态 53

    Exp  转到状态 105


状态 84

   44 Exp: Exp OR • Exp

    INT    偏移，并进入状态 48
    FLOAT  偏移，并进入状态 49
    ID     偏移，并进入状态 50
    MINUS  偏移，并进入状态 51
    NOT    偏移，并进入状态 52
    LP     偏移，并进入状态 53

    Exp  转到状态 106


状态 85

   56 Exp: Exp DOT • ID

    ID  偏移，并进入状态 107


状态 86

   55 Exp: Exp LB • Exp RB

    INT    偏移，并进入状态 48
    FLOAT  偏移，并进入状态 49
    ID     偏移，并进入状态 50
    MINUS  偏移，并进入状态 51
    NOT    偏移，并进入状态 52
    LP     偏移，并进入状态 53

    Exp  转到状态 108


状态 87

   41 Dec: VarDec ASSIGNOP Exp •
   42 Exp: Exp • ASSIGNOP Exp
   43    | Exp • AND Exp
   44    | Exp • OR Exp
   45    | Exp • RELOP Exp
   46    | Exp • PLUS Exp
   47    | Exp • MINUS Exp
   48    | Exp • STAR Exp
   49    | Exp • DIV Exp
   55    | Exp • LB Exp RB
   56    | Exp • DOT ID
   60    | Exp • PLUS error

    ASSIGNOP  偏移，并进入状态 77
    RELOP     偏移，并进入状态 78
    PLUS      偏移，并进入状态 79
    MINUS     偏移，并进入状态 80
    STAR      偏移，并进入状态 81
    DIV       偏移，并进入状态 82
    AND       偏移，并进入状态 83
    OR        偏移，并进入状态 84
    DOT       偏移，并进入状态 85
    LB        偏移，并进入状态 86

    $default  使用规则 41 以归约 (Dec)


状态 88

   39 DecList: Dec error DecList •

    $default  使用规则 39 以归约 (DecList)


状态 89

   38 DecList: Dec COMMA DecList •

    $default  使用规则 38 以归约 (DecList)


状态 90

   63 Args: error • Args

    error  偏移，并进入状态 90
    INT    偏移，并进入状态 48
    FLOAT  偏移，并进入状态 49
    ID     偏移，并进入状态 50
    MINUS  偏移，并进入状态 51
    NOT    偏移，并进入状态 52
    LP     偏移，并进入状态 53

    Exp   转到状态 92
    Args  转到状态 109


状态 91

   54 Exp: ID LP RP •

    $default  使用规则 54 以归约 (Exp)


状态 92

   42 Exp: Exp • ASSIGNOP Exp
   43    | Exp • AND Exp
   44    | Exp • OR Exp
   45    | Exp • RELOP Exp
   46    | Exp • PLUS Exp
   47    | Exp • MINUS Exp
   48    | Exp • STAR Exp
   49    | Exp • DIV Exp
   55    | Exp • LB Exp RB
   56    | Exp • DOT ID
   60    | Exp • PLUS error
   61 Args: Exp • COMMA Args
   62     | Exp •

    COMMA     偏移，并进入状态 110
    ASSIGNOP  偏移，并进入状态 77
    RELOP     偏移，并进入状态 78
    PLUS      偏移，并进入状态 79
    MINUS     偏移，并进入状态 80
    STAR      偏移，并进入状态 81
    DIV       偏移，并进入状态 82
    AND       偏移，并进入状态 83
    OR        偏移，并进入状态 84
    DOT       偏移，并进入状态 85
    LB        偏移，并进入状态 86

    $default  使用规则 62 以归约 (Args)


状态 93

   53 Exp: ID LP Args • RP

    RP  偏移，并进入状态 111


状态 94

   50 Exp: LP Exp RP •

    $default  使用规则 50 以归约 (Exp)


状态 95

   29 Stmt: RETURN Exp SEMI •

    $default  使用规则 29 以归约 (Stmt)


状态 96

   30 Stmt: IF LP Exp • RP Stmt
   31     | IF LP Exp • RP Stmt ELSE Stmt
   42 Exp: Exp • ASSIGNOP Exp
   43    | Exp • AND Exp
   44    | Exp • OR Exp
   45    | Exp • RELOP Exp
   46    | Exp • PLUS Exp
   47    | Exp • MINUS Exp
   48    | Exp • STAR Exp
   49    | Exp • DIV Exp
   55    | Exp • LB Exp RB
   56    | Exp • DOT ID
   60    | Exp • PLUS error

    ASSIGNOP  偏移，并进入状态 77
    RELOP     偏移，并进入状态 78
    PLUS      偏移，并进入状态 79
    MINUS     偏移，并进入状态 80
    STAR      偏移，并进入状态 81
    DIV       偏移，并进入状态 82
    AND       偏移，并进入状态 83
    OR        偏移，并进入状态 84
    DOT       偏移，并进入状态 85
    RP        偏移，并进入状态 112
    LB        偏移，并进入状态 86


状态 97

   32 Stmt: WHILE LP Exp • RP Stmt
   42 Exp: Exp • ASSIGNOP Exp
   43    | Exp • AND Exp
   44    | Exp • OR Exp
   45    | Exp • RELOP Exp
   46    | Exp • PLUS Exp
   47    | Exp • MINUS Exp
   48    | Exp • STAR Exp
   49    | Exp • DIV Exp
   55    | Exp • LB Exp RB
   56    | Exp • DOT ID
   60    | Exp • PLUS error

    ASSIGNOP  偏移，并进入状态 77
    RELOP     偏移，并进入状态 78
    PLUS      偏移，并进入状态 79
    MINUS     偏移，并进入状态 80
    STAR      偏移，并进入状态 81
    DIV       偏移，并进入状态 82
    AND       偏移，并进入状态 83
    OR        偏移，并进入状态 84
    DOT       偏移，并进入状态 85
    RP        偏移，并进入状态 113
    LB        偏移，并进入状态 86


状态 98

   42 Exp: Exp • ASSIGNOP Exp
   42    | Exp ASSIGNOP Exp •
   43    | Exp • AND Exp
   44    | Exp • OR Exp
   45    | Exp • RELOP Exp
   46    | Exp • PLUS Exp
   47    | Exp • MINUS Exp
   48    | Exp • STAR Exp
   49    | Exp • DIV Exp
   55    | Exp • LB Exp RB
   56    | Exp • DOT ID
   60    | Exp • PLUS error

    ASSIGNOP  偏移，并进入状态 77
    RELOP     偏移，并进入状态 78
    PLUS      偏移，并进入状态 79
    MINUS     偏移，并进入状态 80
    STAR      偏移，并进入状态 81
    DIV       偏移，并进入状态 82
    AND       偏移，并进入状态 83
    OR        偏移，并进入状态 84
    DOT       偏移，并进入状态 85
    LB        偏移，并进入状态 86

    $default  使用规则 42 以归约 (Exp)


状态 99

   42 Exp: Exp • ASSIGNOP Exp
   43    | Exp • AND Exp
   44    | Exp • OR Exp
   45    | Exp • RELOP Exp
   45    | Exp RELOP Exp •
   46    | Exp • PLUS Exp
   47    | Exp • MINUS Exp
   48    | Exp • STAR Exp
   49    | Exp • DIV Exp
   55    | Exp • LB Exp RB
   56    | Exp • DOT ID
   60    | Exp • PLUS error

    PLUS   偏移，并进入状态 79
    MINUS  偏移，并进入状态 80
    STAR   偏移，并进入状态 81
    DIV    偏移，并进入状态 82
    DOT    偏移，并进入状态 85
    LB     偏移，并进入状态 86

    $default  使用规则 45 以归约 (Exp)


状态 100

   60 Exp: Exp PLUS error •

    $default  使用规则 60 以归约 (Exp)


状态 101

   42 Exp: Exp • ASSIGNOP Exp
   43    | Exp • AND Exp
   44    | Exp • OR Exp
   45    | Exp • RELOP Exp
   46    | Exp • PLUS Exp
   46    | Exp PLUS Exp •
   47    | Exp • MINUS Exp
   48    | Exp • STAR Exp
   49    | Exp • DIV Exp
   55    | Exp • LB Exp RB
   56    | Exp • DOT ID
   60    | Exp • PLUS error

    MINUS  偏移，并进入状态 80
    STAR   偏移，并进入状态 81
    DIV    偏移，并进入状态 82
    DOT    偏移，并进入状态 85
    LB     偏移，并进入状态 86

    $default  使用规则 46 以归约 (Exp)


状态 102

   42 Exp: Exp • ASSIGNOP Exp
   43    | Exp • AND Exp
   44    | Exp • OR Exp
   45    | Exp • RELOP Exp
   46    | Exp • PLUS Exp
   47    | Exp • MINUS Exp
   47    | Exp MINUS Exp •
   48    | Exp • STAR Exp
   49    | Exp • DIV Exp
   55    | Exp • LB Exp RB
   56    | Exp • DOT ID
   60    | Exp • PLUS error

    MINUS  偏移，并进入状态 80
    DOT    偏移，并进入状态 85
    LB     偏移，并进入状态 86

    $default  使用规则 47 以归约 (Exp)


状态 103

   42 Exp: Exp • ASSIGNOP Exp
   43    | Exp • AND Exp
   44    | Exp • OR Exp
   45    | Exp • RELOP Exp
   46    | Exp • PLUS Exp
   47    | Exp • MINUS Exp
   48    | Exp • STAR Exp
   48    | Exp STAR Exp •
   49    | Exp • DIV Exp
   55    | Exp • LB Exp RB
   56    | Exp • DOT ID
   60    | Exp • PLUS error

    MINUS  偏移，并进入状态 80
    DIV    偏移，并进入状态 82
    DOT    偏移，并进入状态 85
    LB     偏移，并进入状态 86

    $default  使用规则 48 以归约 (Exp)


状态 104

   42 Exp: Exp • ASSIGNOP Exp
   43    | Exp • AND Exp
   44    | Exp • OR Exp
   45    | Exp • RELOP Exp
   46    | Exp • PLUS Exp
   47    | Exp • MINUS Exp
   48    | Exp • STAR Exp
   49    | Exp • DIV Exp
   49    | Exp DIV Exp •
   55    | Exp • LB Exp RB
   56    | Exp • DOT ID
   60    | Exp • PLUS error

    MINUS  偏移，并进入状态 80
    DOT    偏移，并进入状态 85
    LB     偏移，并进入状态 86

    $default  使用规则 49 以归约 (Exp)


状态 105

   42 Exp: Exp • ASSIGNOP Exp
   43    | Exp • AND Exp
   43    | Exp AND Exp •
   44    | Exp • OR Exp
   45    | Exp • RELOP Exp
   46    | Exp • PLUS Exp
   47    | Exp • MINUS Exp
   48    | Exp • STAR Exp
   49    | Exp • DIV Exp
   55    | Exp • LB Exp RB
   56    | Exp • DOT ID
   60    | Exp • PLUS error

    RELOP  偏移，并进入状态 78
    PLUS   偏移，并进入状态 79
    MINUS  偏移，并进入状态 80
    STAR   偏移，并进入状态 81
    DIV    偏移，并进入状态 82
    DOT    偏移，并进入状态 85
    LB     偏移，并进入状态 86

    $default  使用规则 43 以归约 (Exp)


状态 106

   42 Exp: Exp • ASSIGNOP Exp
   43    | Exp • AND Exp
   44    | Exp • OR Exp
   44    | Exp OR Exp •
   45    | Exp • RELOP Exp
   46    | Exp • PLUS Exp
   47    | Exp • MINUS Exp
   48    | Exp • STAR Exp
   49    | Exp • DIV Exp
   55    | Exp • LB Exp RB
   56    | Exp • DOT ID
   60    | Exp • PLUS error

    RELOP  偏移，并进入状态 78
    PLUS   偏移，并进入状态 79
    MINUS  偏移，并进入状态 80
    STAR   偏移，并进入状态 81
    DIV    偏移，并进入状态 82
    AND    偏移，并进入状态 83
    DOT    偏移，并进入状态 85
    LB     偏移，并进入状态 86

    $default  使用规则 44 以归约 (Exp)


状态 107

   56 Exp: Exp DOT ID •

    $default  使用规则 56 以归约 (Exp)


状态 108

   42 Exp: Exp • ASSIGNOP Exp
   43    | Exp • AND Exp
   44    | Exp • OR Exp
   45    | Exp • RELOP Exp
   46    | Exp • PLUS Exp
   47    | Exp • MINUS Exp
   48    | Exp • STAR Exp
   49    | Exp • DIV Exp
   55    | Exp • LB Exp RB
   55    | Exp LB Exp • RB
   56    | Exp • DOT ID
   60    | Exp • PLUS error

    ASSIGNOP  偏移，并进入状态 77
    RELOP     偏移，并进入状态 78
    PLUS      偏移，并进入状态 79
    MINUS     偏移，并进入状态 80
    STAR      偏移，并进入状态 81
    DIV       偏移，并进入状态 82
    AND       偏移，并进入状态 83
    OR        偏移，并进入状态 84
    DOT       偏移，并进入状态 85
    LB        偏移，并进入状态 86
    RB        偏移，并进入状态 114


状态 109

   63 Args: error Args •

    $default  使用规则 63 以归约 (Args)


状态 110

   61 Args: Exp COMMA • Args

    error  偏移，并进入状态 90
    INT    偏移，并进入状态 48
    FLOAT  偏移，并进入状态 49
    ID     偏移，并进入状态 50
    MINUS  偏移，并进入状态 51
    NOT    偏移，并进入状态 52
    LP     偏移，并进入状态 53

    Exp   转到状态 92
    Args  转到状态 115


状态 111

   53 Exp: ID LP Args RP •

    $default  使用规则 53 以归约 (Exp)


状态 112

   30 Stmt: IF LP Exp RP • Stmt
   31     | IF LP Exp RP • Stmt ELSE Stmt

    error   偏移，并进入状态 47
    INT     偏移，并进入状态 48
    FLOAT   偏移，并进入状态 49
    ID      偏移，并进入状态 50
    MINUS   偏移，并进入状态 51
    NOT     偏移，并进入状态 52
    LP      偏移，并进入状态 53
    LC      偏移，并进入状态 24
    RETURN  偏移，并进入状态 54
    IF      偏移，并进入状态 55
    WHILE   偏移，并进入状态 56

    CompSt  转到状态 57
    Stmt    转到状态 116
    Exp     转到状态 60


状态 113

   32 Stmt: WHILE LP Exp RP • Stmt

    error   偏移，并进入状态 47
    INT     偏移，并进入状态 48
    FLOAT   偏移，并进入状态 49
    ID      偏移，并进入状态 50
    MINUS   偏移，并进入状态 51
    NOT     偏移，并进入状态 52
    LP      偏移，并进入状态 53
    LC      偏移，并进入状态 24
    RETURN  偏移，并进入状态 54
    IF      偏移，并进入状态 55
    WHILE   偏移，并进入状态 56

    CompSt  转到状态 57
    Stmt    转到状态 117
    Exp     转到状态 60


状态 114

   55 Exp: Exp LB Exp RB •

    $default  使用规则 55 以归约 (Exp)


状态 115

   61 Args: Exp COMMA Args •

    $default  使用规则 61 以归约 (Args)


状态 116

   30 Stmt: IF LP Exp RP Stmt •
   31     | IF LP Exp RP Stmt • ELSE Stmt

    ELSE  偏移，并进入状态 118

    $default  使用规则 30 以归约 (Stmt)


状态 117

   32 Stmt: WHILE LP Exp RP Stmt •

    $default  使用规则 32 以归约 (Stmt)


状态 118

   31 Stmt: IF LP Exp RP Stmt ELSE • Stmt

    error   偏移，并进入状态 47
    INT     偏移，并进入状态 48
    FLOAT   偏移，并进入状态 49
    ID      偏移，并进入状态 50
    MINUS   偏移，并进入状态 51
    NOT     偏移，并进入状态 52
    LP      偏移，并进入状态 53
    LC      偏移，并进入状态 24
    RETURN  偏移，并进入状态 54
    IF      偏移，并进入状态 55
    WHILE   偏移，并进入状态 56

    CompSt  转到状态 57
    Stmt    转到状态 119
    Exp     转到状态 60


状态 119

   31 Stmt: IF LP Exp RP Stmt ELSE Stmt •

    $default  使用规则 31 以归约 (Stmt)
